<?xml version="1.0" encoding="UTF-8"?>
<!-- Generated by org.testng.reporters.JUnitReportReporter -->
<testsuite skipped="0" hostname="ISIPL-PUNV-L040" name="overridingInSelenium.ParentClass" tests="1" failures="0" timestamp="23 Jul 2019 03:06:29 GMT" time="9.375" errors="0">
  <testcase name="pcMethod" time="9.375" classname="overridingInSelenium.ParentClass"/>
</testsuite> <!-- overridingInSelenium.ParentClass -->
