<?xml version="1.0" encoding="UTF-8"?>
<!-- Generated by org.testng.reporters.JUnitReportReporter -->
<testsuite skipped="0" hostname="ISIPL-PUNV-L040" name="seleniumConcepts.Fwait" tests="1" failures="0" timestamp="17 Jun 2019 05:27:42 GMT" time="12.022" errors="0">
  <testcase name="waitF" time="12.022" classname="seleniumConcepts.Fwait"/>
</testsuite> <!-- seleniumConcepts.Fwait -->
