<?xml version="1.0" encoding="UTF-8"?>
<!-- Generated by org.testng.reporters.JUnitReportReporter -->
<testsuite skipped="0" hostname="ISIPL-PUNV-L040" name="overridingInSelenium.ChildClass" tests="2" failures="0" timestamp="23 Jul 2019 03:06:29 GMT" time="18.957" errors="0">
  <testcase name="pcMethod" time="11.288" classname="overridingInSelenium.ChildClass"/>
  <testcase name="ccMethod" time="7.669" classname="overridingInSelenium.ChildClass"/>
</testsuite> <!-- overridingInSelenium.ChildClass -->
